<?xml version="1.0" encoding="UTF-8"?>
<testsuite xmlns:xsi="http://www.w3.org/2001/XMLSchema-instance" xsi:noNamespaceSchemaLocation="https://maven.apache.org/surefire/maven-surefire-plugin/xsd/surefire-test-report-3.0.xsd" version="3.0" name="com.Email.EmailServiceApplicationTests" time="7.053" tests="1" errors="0" skipped="0" failures="0">
  <properties>
[...]
</properties>
  <testcase name="contextLoads" classname="com.Email.EmailServiceApplicationTests" time="2.245">
    <system-out><![CDATA[16:14:36.333 [main] INFO org.springframework.test.context.support.AnnotationConfigContextLoaderUtils -- Could not detect default configuration classes for test class [com.Email.EmailServiceApplicationTests]: EmailServiceApplicationTests does not declare any static, non-private, non-final, nested classes annotated with @Configuration.
16:14:36.567 [main] INFO org.springframework.boot.test.context.SpringBootTestContextBootstrapper -- Found @SpringBootConfiguration com.Email.EmailServiceApplication for test class com.Email.EmailServiceApplicationTests

  .   ____          _            __ _ _
 /\\ / ___'_ __ _ _(_)_ __  __ _ \ \ \ \
( ( )\___ | '_ | '_| | '_ \/ _` | \ \ \ \
 \\/  ___)| |_)| | | | | || (_| |  ) ) ) )
  '  |____| .__|_| |_|_| |_\__, | / / / /
 =========|_|==============|___/=/_/_/_/

 :: Spring Boot ::                (v3.3.7)

2025-02-28T16:14:37.511+05:30  INFO 2176 --- [EmailService] [           main] com.Email.EmailServiceApplicationTests   : Starting EmailServiceApplicationTests using Java 21.0.5 with PID 2176 (started by admin in D:\springboot\EmailService)
2025-02-28T16:14:37.514+05:30  INFO 2176 --- [EmailService] [           main] com.Email.EmailServiceApplicationTests   : No active profile set, falling back to 1 default profile: "default"
2025-02-28T16:14:40.721+05:30  INFO 2176 --- [EmailService] [           main] com.Email.EmailServiceApplicationTests   : Started EmailServiceApplicationTests in 3.857 seconds (process running for 6.03)
]]></system-out>
    <system-err><![CDATA[WARNING: A Java agent has been loaded dynamically (C:\Users\admin\.m2\repository\net\bytebuddy\byte-buddy-agent\1.14.19\byte-buddy-agent-1.14.19.jar)
WARNING: If a serviceability tool is in use, please run with -XX:+EnableDynamicAgentLoading to hide this warning
WARNING: If a serviceability tool is not in use, please run with -Djdk.instrument.traceUsage for more information
WARNING: Dynamic loading of agents will be disallowed by default in a future release
]]></system-err>
  </testcase>
</testsuite>